<?xml version="1.0" encoding="UTF-8"?>
<!-- Generated by org.testng.reporters.JUnitReportReporter -->
<testsuite skipped="0" hostname="Prashant" name="qaclickacademy.RESTAPITest" tests="2" failures="0" timestamp="08 May 2020 11:22:56 GMT" time="0.000" errors="0">
  <testcase name="PostJIRA" time="0.000" classname="qaclickacademy.RESTAPITest"/>
  <testcase name="TiwtterDelete" time="0.000" classname="qaclickacademy.RESTAPITest"/>
</testsuite> <!-- qaclickacademy.RESTAPITest -->
