<?xml version="1.0" encoding="UTF-8"?>
<!-- Generated by org.testng.reporters.JUnitReportReporter -->
<testsuite skipped="0" hostname="Prashant" name="qaclickacademy.AppiumTest" tests="2" failures="0" timestamp="08 May 2020 11:22:41 GMT" time="0.002" errors="0">
  <testcase name="IOSAPP" time="0.001" classname="qaclickacademy.AppiumTest"/>
  <testcase name="NativeAppAndriod" time="0.001" classname="qaclickacademy.AppiumTest"/>
</testsuite> <!-- qaclickacademy.AppiumTest -->
